15:59:43: Creating resource group General
15:59:43: Creating resource group Internal
15:59:43: Creating resource group Autodetect
15:59:43: SceneManagerFactory for type 'DefaultSceneManager' registered.
15:59:43: Registering ResourceManager for type Material
15:59:43: Registering ResourceManager for type Mesh
15:59:43: Registering ResourceManager for type Skeleton
15:59:43: MovableObjectFactory for type 'ParticleSystem' registered.
15:59:43: ArchiveFactory for archive type FileSystem registered.
15:59:43: ArchiveFactory for archive type Zip registered.
15:59:43: ArchiveFactory for archive type EmbeddedZip registered.
15:59:43: DDS codec registering
15:59:43: FreeImage version: 3.15.4
15:59:43: This program uses FreeImage, a free, open source image library supporting all common bitmap formats. See http://freeimage.sourceforge.net for details
15:59:43: Supported formats: bmp,ico,jpg,jif,jpeg,jpe,jng,koa,iff,lbm,mng,pbm,pbm,pcd,pcx,pgm,pgm,png,ppm,ppm,ras,tga,targa,tif,tiff,wap,wbmp,wbm,psd,cut,xbm,xpm,gif,hdr,g3,sgi,exr,j2k,j2c,jp2,pfm,pct,pict,pic,3fr,arw,bay,bmq,cap,cine,cr2,crw,cs1,dc2,dcr,drf,dsc,dng,erf,fff,ia,iiq,k25,kc2,kdc,mdc,mef,mos,mrw,nef,nrw,orf,pef,ptx,pxn,qtk,raf,raw,rdc,rw2,rwl,rwz,sr2,srf,srw,sti
15:59:43: Registering ResourceManager for type HighLevelGpuProgram
15:59:43: Registering ResourceManager for type Compositor
15:59:43: MovableObjectFactory for type 'Entity' registered.
15:59:43: MovableObjectFactory for type 'Light' registered.
15:59:43: MovableObjectFactory for type 'BillboardSet' registered.
15:59:43: MovableObjectFactory for type 'ManualObject' registered.
15:59:43: MovableObjectFactory for type 'BillboardChain' registered.
15:59:43: MovableObjectFactory for type 'RibbonTrail' registered.
15:59:43: Loading library /usr/local/lib/OGRE/RenderSystem_GL
15:59:43: Installing plugin: GL RenderSystem
15:59:43: OpenGL Rendering Subsystem created.
15:59:43: Plugin successfully installed
15:59:43: Loading library /usr/local/lib/OGRE/Plugin_ParticleFX
15:59:43: Installing plugin: ParticleFX
15:59:43: Particle Emitter Type 'Point' registered
15:59:43: Particle Emitter Type 'Box' registered
15:59:43: Particle Emitter Type 'Ellipsoid' registered
15:59:43: Particle Emitter Type 'Cylinder' registered
15:59:43: Particle Emitter Type 'Ring' registered
15:59:43: Particle Emitter Type 'HollowEllipsoid' registered
15:59:43: Particle Affector Type 'LinearForce' registered
15:59:43: Particle Affector Type 'ColourFader' registered
15:59:43: Particle Affector Type 'ColourFader2' registered
15:59:43: Particle Affector Type 'ColourImage' registered
15:59:43: Particle Affector Type 'ColourInterpolator' registered
15:59:43: Particle Affector Type 'Scaler' registered
15:59:43: Particle Affector Type 'Rotator' registered
15:59:43: Particle Affector Type 'DirectionRandomiser' registered
15:59:43: Particle Affector Type 'DeflectorPlane' registered
15:59:43: Plugin successfully installed
15:59:43: Loading library /usr/local/lib/OGRE/Plugin_BSPSceneManager
15:59:43: Installing plugin: BSP Scene Manager
15:59:43: Plugin successfully installed
15:59:43: Loading library /usr/local/lib/OGRE/Plugin_CgProgramManager
15:59:44: Installing plugin: Cg Program Manager
15:59:44: Plugin successfully installed
15:59:44: Loading library /usr/local/lib/OGRE/Plugin_PCZSceneManager
15:59:44: Installing plugin: Portal Connected Zone Scene Manager
15:59:44: PCZone Factory Type 'ZoneType_Default' registered
15:59:44: Plugin successfully installed
15:59:44: Loading library /usr/local/lib/OGRE/Plugin_OctreeZone
15:59:44: Installing plugin: Octree Zone Factory
15:59:44: Plugin successfully installed
15:59:44: Loading library /usr/local/lib/OGRE/Plugin_OctreeSceneManager
15:59:44: Installing plugin: Octree Scene Manager
15:59:44: Plugin successfully installed
15:59:44: *-*-* OGRE Initialising
15:59:44: *-*-* Version 1.9.0 (Ghadamon)
15:59:44: Creating resource group Essential
15:59:44: Added resource location '../media/packs/SdkTrays.zip' of type 'Zip' to resource group 'Essential'
15:59:44: Added resource location '../media' of type 'FileSystem' to resource group 'General'
15:59:44: Added resource location '../media/materials/scripts' of type 'FileSystem' to resource group 'General'
15:59:44: Added resource location '../media/materials/textures' of type 'FileSystem' to resource group 'General'
15:59:44: Added resource location '../media/models' of type 'FileSystem' to resource group 'General'
15:59:47: CPU Identifier & Features
15:59:47: -------------------------
15:59:47:  *   CPU ID: AuthenticAMD: AMD FX(tm)-6300 Six-Core Processor
15:59:47:  *      SSE: yes
15:59:47:  *     SSE2: yes
15:59:47:  *     SSE3: yes
15:59:47:  *      MMX: yes
15:59:47:  *   MMXEXT: yes
15:59:47:  *    3DNOW: no
15:59:47:  * 3DNOWEXT: no
15:59:47:  *     CMOV: yes
15:59:47:  *      TSC: yes
15:59:47:  *      FPU: yes
15:59:47:  *      PRO: yes
15:59:47:  *       HT: no
15:59:47: -------------------------
15:59:47: ******************************
*** Starting GLX Subsystem ***
******************************
15:59:47: Registering ResourceManager for type Texture
15:59:47: GLRenderSystem::_createRenderWindow "TutorialApplication Render Window", 1920x1080 fullscreen  miscParams: FSAA=8 displayFrequency=60 Hz gamma=No vsync=No 
15:59:47: GLXWindow::create used FBConfigID = 71
15:59:47: GL_VERSION = 4.4.12874 Compatibility Profile Context 14.10
15:59:47: GL_VENDOR = ATI Technologies Inc.
15:59:47: GL_RENDERER = AMD Radeon HD 6700 Series
15:59:47: GL_EXTENSIONS = GL_AMDX_debug_output GL_AMDX_vertex_shader_tessellator GL_AMD_conservative_depth GL_AMD_debug_output GL_AMD_depth_clamp_separate GL_AMD_draw_buffers_blend GL_AMD_multi_draw_indirect GL_AMD_name_gen_delete GL_AMD_performance_monitor GL_AMD_pinned_memory GL_AMD_query_buffer_object GL_AMD_sample_positions GL_AMD_seamless_cubemap_per_texture GL_AMD_shader_stencil_export GL_AMD_shader_trace GL_AMD_texture_cube_map_array GL_AMD_texture_texture4 GL_AMD_transform_feedback3_lines_triangles GL_AMD_vertex_shader_layer GL_AMD_vertex_shader_tessellator GL_AMD_vertex_shader_viewport_index GL_ARB_ES2_compatibility GL_ARB_ES3_compatibility GL_ARB_arrays_of_arrays GL_ARB_base_instance GL_ARB_blend_func_extended GL_ARB_buffer_storage GL_ARB_clear_buffer_object GL_ARB_clear_texture GL_ARB_color_buffer_float GL_ARB_compatibility GL_ARB_compressed_texture_pixel_storage GL_ARB_compute_shader GL_ARB_conservative_depth GL_ARB_copy_buffer GL_ARB_copy_image GL_ARB_debug_output GL_ARB_depth_buffer_float GL_ARB_depth_clamp GL_ARB_depth_texture GL_ARB_draw_buffers GL_ARB_draw_buffers_blend GL_ARB_draw_elements_base_vertex GL_ARB_draw_indirect GL_ARB_draw_instanced GL_ARB_enhanced_layouts GL_ARB_explicit_attrib_location GL_ARB_explicit_uniform_location GL_ARB_fragment_coord_conventions GL_ARB_fragment_layer_viewport GL_ARB_fragment_program GL_ARB_fragment_program_shadow GL_ARB_fragment_shader GL_ARB_framebuffer_no_attachments GL_ARB_framebuffer_object GL_ARB_framebuffer_sRGB GL_ARB_geometry_shader4 GL_ARB_get_program_binary GL_ARB_gpu_shader5 GL_ARB_gpu_shader_fp64 GL_ARB_half_float_pixel GL_ARB_half_float_vertex GL_ARB_imaging GL_ARB_instanced_arrays GL_ARB_internalformat_query GL_ARB_internalformat_query2 GL_ARB_invalidate_subdata GL_ARB_map_buffer_alignment GL_ARB_map_buffer_range GL_ARB_multi_bind GL_ARB_multi_draw_indirect GL_ARB_multisample GL_ARB_multitexture GL_ARB_occlusion_query GL_ARB_occlusion_query2 GL_ARB_pixel_buffer_object GL_ARB_point_parameters GL_ARB_point_sprite GL_ARB_program_interface_query GL_ARB_provoking_vertex GL_ARB_query_buffer_object GL_ARB_sample_shading GL_ARB_sampler_objects GL_ARB_seamless_cube_map GL_ARB_seamless_cubemap_per_texture GL_ARB_separate_shader_objects GL_ARB_shader_atomic_counters GL_ARB_shader_bit_encoding GL_ARB_shader_image_load_store GL_ARB_shader_image_size GL_ARB_shader_objects GL_ARB_shader_precision GL_ARB_shader_stencil_export GL_ARB_shader_storage_buffer_object GL_ARB_shader_subroutine GL_ARB_shader_texture_lod GL_ARB_shading_language_100 GL_ARB_shading_language_420pack GL_ARB_shading_language_packing GL_ARB_shadow GL_ARB_shadow_ambient GL_ARB_stencil_texturing GL_ARB_sync GL_ARB_tessellation_shader GL_ARB_texture_border_clamp GL_ARB_texture_buffer_object GL_ARB_texture_buffer_object_rgb32 GL_ARB_texture_buffer_range GL_ARB_texture_compression GL_ARB_texture_compression_bptc GL_ARB_texture_compression_rgtc GL_ARB_texture_cube_map GL_ARB_texture_cube_map_array GL_ARB_texture_env_add GL_ARB_texture_env_combine GL_ARB_texture_env_crossbar GL_ARB_texture_env_dot3 GL_ARB_texture_float GL_ARB_texture_gather GL_ARB_texture_mirror_clamp_to_edge GL_ARB_texture_mirrored_repeat GL_ARB_texture_multisample GL_ARB_texture_non_power_of_two GL_ARB_texture_query_levels GL_ARB_texture_query_lod GL_ARB_texture_rectangle GL_ARB_texture_rg GL_ARB_texture_rgb10_a2ui GL_ARB_texture_snorm GL_ARB_texture_stencil8 GL_ARB_texture_storage GL_ARB_texture_storage_multisample GL_ARB_texture_swizzle GL_ARB_texture_view GL_ARB_timer_query GL_ARB_transform_feedback2 GL_ARB_transform_feedback3 GL_ARB_transform_feedback_instanced GL_ARB_transpose_matrix GL_ARB_uniform_buffer_object GL_ARB_vertex_array_bgra GL_ARB_vertex_array_object GL_ARB_vertex_attrib_64bit GL_ARB_vertex_attrib_binding GL_ARB_vertex_buffer_object GL_ARB_vertex_program GL_ARB_vertex_shader GL_ARB_vertex_type_10f_11f_11f_rev GL_ARB_vertex_type_2_10_10_10_rev GL_ARB_viewport_array GL_ARB_window_pos GL_ATI_draw_buffers GL_ATI_envmap_bumpmap GL_ATI_fragment_shader GL_ATI_meminfo GL_ATI_separate_stencil GL_ATI_texture_compression_3dc GL_ATI_texture_env_combine3 GL_ATI_texture_float GL_ATI_texture_mirror_once GL_EXT_abgr GL_EXT_bgra GL_EXT_bindable_uniform GL_EXT_blend_color GL_EXT_blend_equation_separate GL_EXT_blend_func_separate GL_EXT_blend_minmax GL_EXT_blend_subtract GL_EXT_compiled_vertex_array GL_EXT_copy_buffer GL_EXT_copy_texture GL_EXT_direct_state_access GL_EXT_draw_buffers2 GL_EXT_draw_instanced GL_EXT_draw_range_elements GL_EXT_fog_coord GL_EXT_framebuffer_blit GL_EXT_framebuffer_multisample GL_EXT_framebuffer_object GL_EXT_framebuffer_sRGB GL_EXT_geometry_shader4 GL_EXT_gpu_program_parameters GL_EXT_gpu_shader4 GL_EXT_histogram GL_EXT_multi_draw_arrays GL_EXT_packed_depth_stencil GL_EXT_packed_float GL_EXT_packed_pixels GL_EXT_pixel_buffer_object GL_EXT_point_parameters GL_EXT_provoking_vertex GL_EXT_rescale_normal GL_EXT_secondary_color GL_EXT_separate_specular_color GL_EXT_shader_image_load_store GL_EXT_shader_integer_mix GL_EXT_shadow_funcs GL_EXT_stencil_wrap GL_EXT_subtexture GL_EXT_texgen_reflection GL_EXT_texture3D GL_EXT_texture_array GL_EXT_texture_buffer_object GL_EXT_texture_compression_bptc GL_EXT_texture_compression_latc GL_EXT_texture_compression_rgtc GL_EXT_texture_compression_s3tc GL_EXT_texture_cube_map GL_EXT_texture_edge_clamp GL_EXT_texture_env_add GL_EXT_texture_env_combine GL_EXT_texture_env_dot3 GL_EXT_texture_filter_anisotropic GL_EXT_texture_integer GL_EXT_texture_lod GL_EXT_texture_lod_bias GL_EXT_texture_mirror_clamp GL_EXT_texture_object GL_EXT_texture_rectangle GL_EXT_texture_sRGB GL_EXT_texture_sRGB_decode GL_EXT_texture_shared_exponent GL_EXT_texture_snorm GL_EXT_texture_storage GL_EXT_texture_swizzle GL_EXT_timer_query GL_EXT_transform_feedback GL_EXT_vertex_array GL_EXT_vertex_array_bgra GL_EXT_vertex_attrib_64bit GL_IBM_texture_mirrored_repeat GL_KHR_debug GL_KTX_buffer_region GL_NV_blend_square GL_NV_conditional_render GL_NV_copy_depth_to_color GL_NV_copy_image GL_NV_depth_buffer_float GL_NV_explicit_multisample GL_NV_float_buffer GL_NV_half_float GL_NV_primitive_restart GL_NV_texgen_reflection GL_NV_texture_barrier GL_SGIS_generate_mipmap GL_SGIS_texture_edge_clamp GL_SGIS_texture_lod GL_SUN_multi_draw_arrays GL_WIN_swap_hint
15:59:47: Supported GLX extensions: GLX_ARB_create_context GLX_ARB_create_context_profile GLX_ARB_get_proc_address GLX_ARB_multisample GLX_EXT_import_context GLX_EXT_swap_control GLX_EXT_visual_info GLX_EXT_visual_rating GLX_MESA_swap_control GLX_NV_swap_group GLX_OML_swap_method GLX_SGI_make_current_read GLX_SGI_swap_control GLX_SGI_video_sync GLX_SGIS_multisample GLX_SGIX_fbconfig GLX_SGIX_pbuffer GLX_SGIX_swap_barrier GLX_SGIX_swap_group GLX_SGIX_visual_select_group GLX_EXT_texture_from_pixmap GLX_EXT_buffer_age 
15:59:47: ***************************
15:59:47: *** GL Renderer Started ***
15:59:47: ***************************
15:59:47: Registering ResourceManager for type GpuProgram
15:59:47: GLSL support detected
15:59:47: GL: Using GL_EXT_framebuffer_object for rendering to textures (best)
15:59:47: FBO PF_UNKNOWN depth/stencil support: D0S1 D0S4 D0S8 D0S16 D16S0 D24S0 D32S0 Packed-D24S8 
15:59:47: FBO PF_L8 depth/stencil support: D0S0 D0S1 D0S4 D0S8 D0S16 D16S0 D24S0 D32S0 Packed-D24S8 
15:59:47: FBO PF_L16 depth/stencil support: D0S0 D0S1 D0S4 D0S8 D0S16 D16S0 D24S0 D32S0 Packed-D24S8 
15:59:47: FBO PF_A8 depth/stencil support: D0S0 D0S1 D0S4 D0S8 D0S16 D16S0 D24S0 D32S0 Packed-D24S8 
15:59:47: FBO PF_A4L4 depth/stencil support: D0S0 D0S1 D0S4 D0S8 D0S16 D16S0 D24S0 D32S0 Packed-D24S8 
15:59:47: FBO PF_BYTE_LA depth/stencil support: D0S0 D0S1 D0S4 D0S8 D0S16 D16S0 D24S0 D32S0 Packed-D24S8 
15:59:47: FBO PF_R5G6B5 depth/stencil support: D0S0 D0S1 D0S4 D0S8 D0S16 D16S0 D24S0 D32S0 Packed-D24S8 
15:59:47: FBO PF_B5G6R5 depth/stencil support: D0S0 D0S1 D0S4 D0S8 D0S16 D16S0 D24S0 D32S0 Packed-D24S8 
15:59:47: FBO PF_A4R4G4B4 depth/stencil support: D0S0 D0S1 D0S4 D0S8 D0S16 D16S0 D24S0 D32S0 Packed-D24S8 
15:59:47: FBO PF_A1R5G5B5 depth/stencil support: D0S0 D0S1 D0S4 D0S8 D0S16 D16S0 D24S0 D32S0 Packed-D24S8 
15:59:47: FBO PF_R8G8B8 depth/stencil support: D0S0 D0S1 D0S4 D0S8 D0S16 D16S0 D24S0 D32S0 Packed-D24S8 
15:59:47: FBO PF_B8G8R8 depth/stencil support: D0S0 D0S1 D0S4 D0S8 D0S16 D16S0 D24S0 D32S0 Packed-D24S8 
15:59:47: FBO PF_A8R8G8B8 depth/stencil support: D0S0 D0S1 D0S4 D0S8 D0S16 D16S0 D24S0 D32S0 Packed-D24S8 
15:59:47: FBO PF_B8G8R8A8 depth/stencil support: D0S0 D0S1 D0S4 D0S8 D0S16 D16S0 D24S0 D32S0 Packed-D24S8 
15:59:47: FBO PF_A2R10G10B10 depth/stencil support: D0S0 D0S1 D0S4 D0S8 D0S16 D16S0 D24S0 D32S0 Packed-D24S8 
15:59:47: FBO PF_A2B10G10R10 depth/stencil support: D0S0 D0S1 D0S4 D0S8 D0S16 D16S0 D24S0 D32S0 Packed-D24S8 
15:59:47: FBO PF_FLOAT16_RGB depth/stencil support: D0S0 D0S1 D0S4 D0S8 D0S16 D16S0 D24S0 D32S0 Packed-D24S8 
15:59:47: FBO PF_FLOAT16_RGBA depth/stencil support: D0S0 D0S1 D0S4 D0S8 D0S16 D16S0 D24S0 D32S0 Packed-D24S8 
15:59:47: FBO PF_FLOAT32_RGB depth/stencil support: D0S0 D0S1 D0S4 D0S8 D0S16 D16S0 D24S0 D32S0 Packed-D24S8 
15:59:47: FBO PF_FLOAT32_RGBA depth/stencil support: D0S0 D0S1 D0S4 D0S8 D0S16 D16S0 D24S0 D32S0 Packed-D24S8 
15:59:47: FBO PF_X8R8G8B8 depth/stencil support: D0S0 D0S1 D0S4 D0S8 D0S16 D16S0 D24S0 D32S0 Packed-D24S8 
15:59:47: FBO PF_X8B8G8R8 depth/stencil support: D0S0 D0S1 D0S4 D0S8 D0S16 D16S0 D24S0 D32S0 Packed-D24S8 
15:59:47: FBO PF_SHORT_RGBA depth/stencil support: D0S0 D0S1 D0S4 D0S8 D0S16 D16S0 D24S0 D32S0 Packed-D24S8 
15:59:47: FBO PF_R3G3B2 depth/stencil support: D0S0 D0S1 D0S4 D0S8 D0S16 D16S0 D24S0 D32S0 Packed-D24S8 
15:59:47: FBO PF_FLOAT16_R depth/stencil support: D0S0 D0S1 D0S4 D0S8 D0S16 D16S0 D24S0 D32S0 Packed-D24S8 
15:59:47: FBO PF_FLOAT32_R depth/stencil support: D0S0 D0S1 D0S4 D0S8 D0S16 D16S0 D24S0 D32S0 Packed-D24S8 
15:59:47: FBO PF_SHORT_GR depth/stencil support: D0S0 D0S1 D0S4 D0S8 D0S16 D16S0 D24S0 D32S0 Packed-D24S8 
15:59:47: FBO PF_FLOAT16_GR depth/stencil support: D0S0 D0S1 D0S4 D0S8 D0S16 D16S0 D24S0 D32S0 Packed-D24S8 
15:59:47: FBO PF_FLOAT32_GR depth/stencil support: D0S0 D0S1 D0S4 D0S8 D0S16 D16S0 D24S0 D32S0 Packed-D24S8 
15:59:47: FBO PF_SHORT_RGB depth/stencil support: D0S0 D0S1 D0S4 D0S8 D0S16 D16S0 D24S0 D32S0 Packed-D24S8 
15:59:47: [GL] : Valid FBO targets PF_UNKNOWN PF_L8 PF_L16 PF_A8 PF_A4L4 PF_BYTE_LA PF_R5G6B5 PF_B5G6R5 PF_A4R4G4B4 PF_A1R5G5B5 PF_R8G8B8 PF_B8G8R8 PF_A8R8G8B8 PF_B8G8R8A8 PF_A2R10G10B10 PF_A2B10G10R10 PF_FLOAT16_RGB PF_FLOAT16_RGBA PF_FLOAT32_RGB PF_FLOAT32_RGBA PF_X8R8G8B8 PF_X8B8G8R8 PF_SHORT_RGBA PF_R3G3B2 PF_FLOAT16_R PF_FLOAT32_R PF_SHORT_GR PF_FLOAT16_GR PF_FLOAT32_GR PF_SHORT_RGB 
15:59:47: RenderSystem capabilities
15:59:47: -------------------------
15:59:47: RenderSystem Name: OpenGL Rendering Subsystem
15:59:47: GPU Vendor: amd
15:59:47: Device Name: AMD Radeon HD 6700 Series
15:59:47: Driver Version: 4.4.12874.0
15:59:47:  * Fixed function pipeline: yes
15:59:47:  * Hardware generation of mipmaps: no
15:59:47:  * Texture blending: yes
15:59:47:  * Anisotropic texture filtering: yes
15:59:47:  * Dot product texture operation: yes
15:59:47:  * Cube mapping: yes
15:59:47:  * Hardware stencil buffer: yes
15:59:47:    - Stencil depth: 8
15:59:47:    - Two sided stencil support: yes
15:59:47:    - Wrap stencil values: yes
15:59:47:  * Hardware vertex / index buffers: yes
15:59:47:  * Vertex programs: yes
15:59:47:  * Number of floating-point constants for vertex programs: 256
15:59:47:  * Number of integer constants for vertex programs: 0
15:59:47:  * Number of boolean constants for vertex programs: 0
15:59:47:  * Fragment programs: yes
15:59:47:  * Number of floating-point constants for fragment programs: 256
15:59:47:  * Number of integer constants for fragment programs: 0
15:59:47:  * Number of boolean constants for fragment programs: 0
15:59:47:  * Geometry programs: yes
15:59:47:  * Number of floating-point constants for geometry programs: 16384
15:59:47:  * Number of integer constants for geometry programs: 0
15:59:47:  * Number of boolean constants for geometry programs: 0
15:59:47:  * Tesselation Hull programs: no
15:59:47:  * Number of floating-point constants for tesselation hull programs: 29117
15:59:47:  * Number of integer constants for tesselation hull programs: 62251
15:59:47:  * Number of boolean constants for tesselation hull programs: 13622
15:59:47:  * Tesselation Domain programs: no
15:59:47:  * Number of floating-point constants for tesselation domain programs: 58753
15:59:47:  * Number of integer constants for tesselation domain programs: 30305
15:59:47:  * Number of boolean constants for tesselation domain programs: 60482
15:59:47:  * Compute programs: no
15:59:47:  * Number of floating-point constants for compute programs: 8702
15:59:47:  * Number of integer constants for compute programs: 4608
15:59:47:  * Number of boolean constants for compute programs: 17550
15:59:47:  * Supported Shader Profiles: arbfp1 arbvp1 glsl gp4gp gpu_gp nvgp4 ps_1_1 ps_1_2 ps_1_3 ps_1_4
15:59:47:  * Texture Compression: yes
15:59:47:    - DXT: yes
15:59:47:    - VTC: no
15:59:47:    - PVRTC: no
15:59:47:    - ATC: no
15:59:47:    - ETC1: no
15:59:47:    - ETC2: no
15:59:47:    - BC4/BC5: no
15:59:47:    - BC6H/BC7: no
15:59:47:  * Scissor Rectangle: yes
15:59:47:  * Hardware Occlusion Query: yes
15:59:47:  * User clip planes: yes
15:59:47:  * VET_UBYTE4 vertex element type: yes
15:59:47:  * Infinite far plane projection: yes
15:59:47:  * Hardware render-to-texture: yes
15:59:47:  * Floating point textures: yes
15:59:47:  * Non-power-of-two textures: yes
15:59:47:  * 1d textures: yes
15:59:47:  * Volume textures: yes
15:59:47:  * Multiple Render Targets: 8
15:59:47:    - With different bit depths: yes
15:59:47:  * Point Sprites: yes
15:59:47:  * Extended point parameters: yes
15:59:47:  * Max Point Size: 8192
15:59:47:  * Vertex texture fetch: yes
15:59:47:  * Number of world matrices: 0
15:59:47:  * Number of texture units: 16
15:59:47:  * Stencil buffer depth: 8
15:59:47:  * Number of vertex blend matrices: 0
15:59:47:    - Max vertex textures: 18
15:59:47:    - Vertex textures shared: yes
15:59:47:  * Render to Vertex Buffer : no
15:59:47:  * Hardware Atomic Counters: no
15:59:47:  * GL 1.5 without VBO workaround: no
15:59:47:  * Frame Buffer objects: yes
15:59:47:  * Frame Buffer objects (ARB extension): no
15:59:47:  * Frame Buffer objects (ATI extension): no
15:59:47:  * PBuffer support: yes
15:59:47:  * GL 1.5 without HW-occlusion workaround: no
15:59:47:  * Vertex Array Objects: no
15:59:47:  * Separate shader objects: no
15:59:47: Using FSAA from GL_ARB_multisample extension.
15:59:47: DefaultWorkQueue('Root') initialising on thread 7f07e3e74840.
15:59:47: DefaultWorkQueue('Root')::WorkerFunc - thread 7f07d5605700 starting.
15:59:47: DefaultWorkQueue('Root')::WorkerFunc - thread 7f07d5e06700 starting.
15:59:47: DefaultWorkQueue('Root')::WorkerFunc - thread 7f07d4e04700 starting.
15:59:47: DefaultWorkQueue('Root')::WorkerFunc - thread 7f07cffff700 starting.
15:59:47: DefaultWorkQueue('Root')::WorkerFunc - thread 7f07ceffd700 starting.
15:59:47: DefaultWorkQueue('Root')::WorkerFunc - thread 7f07cf7fe700 starting.
15:59:47: Particle Renderer Type 'billboard' registered
15:59:47: SceneManagerFactory for type 'BspSceneManager' registered.
15:59:47: Registering ResourceManager for type BspLevel
15:59:47: SceneManagerFactory for type 'PCZSceneManager' registered.
15:59:47: MovableObjectFactory for type 'PCZLight' registered.
15:59:47: MovableObjectFactory for type 'Portal' registered.
15:59:47: MovableObjectFactory for type 'AntiPortal' registered.
15:59:47: PCZone Factory Type 'ZoneType_Octree' registered
15:59:47: SceneManagerFactory for type 'OctreeSceneManager' registered.
15:59:47: OverlayElementFactory for type Panel registered.
15:59:47: OverlayElementFactory for type BorderPanel registered.
15:59:47: OverlayElementFactory for type TextArea registered.
15:59:47: Registering ResourceManager for type Font
15:59:47: Parsing scripts for resource group Autodetect
15:59:47: Finished parsing scripts for resource group Autodetect
15:59:47: Creating resources for group Autodetect
15:59:47: All done
15:59:47: Parsing scripts for resource group Essential
15:59:47: Parsing script SdkTrays.material
15:59:47: Parsing script SdkTrays.fontdef
15:59:47: Parsing script SdkTrays.overlay
15:59:47: Bad element attribute line: '# you can offset the image to change the cursor "hotspot"' for element SdkTrays/Cursor in overlay 
15:59:47: Texture: sdk_cursor.png: Loading 1 faces(PF_A8R8G8B8,32x32x1) with 5 generated mipmaps from Image. Internal format is PF_A8R8G8B8,32x32x1.
15:59:47: Texture: sdk_tray.png: Loading 1 faces(PF_A8R8G8B8,64x64x1) with 5 generated mipmaps from Image. Internal format is PF_A8R8G8B8,64x64x1.
15:59:47: Texture: sdk_button_up.png: Loading 1 faces(PF_A8R8G8B8,128x32x1) with 5 generated mipmaps from Image. Internal format is PF_A8R8G8B8,128x32x1.
15:59:47: Texture: sdk_text_box.png: Loading 1 faces(PF_A8R8G8B8,32x32x1) with 5 generated mipmaps from Image. Internal format is PF_A8R8G8B8,32x32x1.
15:59:47: Texture: sdk_mini_tray.png: Loading 1 faces(PF_A8R8G8B8,32x32x1) with 5 generated mipmaps from Image. Internal format is PF_A8R8G8B8,32x32x1.
15:59:47: Texture: sdk_track.png: Loading 1 faces(PF_A8R8G8B8,16x32x1) with 5 generated mipmaps from Image. Internal format is PF_A8R8G8B8,16x32x1.
15:59:47: Texture: sdk_handle.png: Loading 1 faces(PF_A8R8G8B8,16x16x1) with 4 generated mipmaps from Image. Internal format is PF_A8R8G8B8,16x16x1.
15:59:47: Texture: sdk_mini_text_box.png: Loading 1 faces(PF_A8R8G8B8,32x32x1) with 5 generated mipmaps from Image. Internal format is PF_A8R8G8B8,32x32x1.
15:59:47: Texture: sdk_label.png: Loading 1 faces(PF_A8R8G8B8,32x32x1) with 5 generated mipmaps from Image. Internal format is PF_A8R8G8B8,32x32x1.
15:59:47: Texture: sdk_separator.png: Loading 1 faces(PF_A8R8G8B8,64x16x1) with 5 generated mipmaps from Image. Internal format is PF_A8R8G8B8,64x16x1.
15:59:47: Texture: sdk_logo.png: Loading 1 faces(PF_A8R8G8B8,128x64x1) with 5 generated mipmaps from Image. Internal format is PF_A8R8G8B8,128x64x1.
15:59:47: Texture: sdk_shade.png: Loading 1 faces(PF_A8R8G8B8,64x48x1) with 5 generated mipmaps from Image. Internal format is PF_A8R8G8B8,64x48x1.
15:59:47: Texture: sdk_frame.png: Loading 1 faces(PF_A8R8G8B8,32x32x1) with 5 generated mipmaps from Image. Internal format is PF_A8R8G8B8,32x32x1.
15:59:47: Texture: sdk_mini_text_box_over.png: Loading 1 faces(PF_A8R8G8B8,32x32x1) with 5 generated mipmaps from Image. Internal format is PF_A8R8G8B8,32x32x1.
15:59:47: Texture: sdk_pulse.png: Loading 1 faces(PF_R8G8B8,8x1x1) with 3 generated mipmaps from Image. Internal format is PF_X8R8G8B8,8x1x1.
15:59:47: Finished parsing scripts for resource group Essential
15:59:47: Creating resources for group Essential
15:59:47: All done
15:59:47: Parsing scripts for resource group General
15:59:47: Parsing script Ogre.material
15:59:47: Finished parsing scripts for resource group General
15:59:47: Creating resources for group General
15:59:47: All done
15:59:47: Parsing scripts for resource group Internal
15:59:47: Finished parsing scripts for resource group Internal
15:59:47: Creating resources for group Internal
15:59:47: All done
15:59:48: Terrain created; size=513 minBatch=33 maxBatch=65 treeDepth=4 lodLevels=5 leafLods=2
15:59:48: Texture: dirt_grayrocky_diffusespecular.dds: Loading 1 faces(PF_A8B8G8R8,1024x1024x1) with 5 generated mipmaps from Image. Internal format is PF_A8R8G8B8,1024x1024x1.
15:59:48: Texture: dirt_grayrocky_normalheight.dds: Loading 1 faces(PF_A8B8G8R8,1024x1024x1) with 5 generated mipmaps from Image. Internal format is PF_A8R8G8B8,1024x1024x1.
15:59:48: Texture: grass_green-01_diffusespecular.dds: Loading 1 faces(PF_A8B8G8R8,1024x1024x1) with 5 generated mipmaps from Image. Internal format is PF_A8R8G8B8,1024x1024x1.
15:59:48: Texture: grass_green-01_normalheight.dds: Loading 1 faces(PF_A8B8G8R8,1024x1024x1) with 5 generated mipmaps from Image. Internal format is PF_A8R8G8B8,1024x1024x1.
15:59:48: Texture: growth_weirdfungus-03_diffusespecular.dds: Loading 1 faces(PF_A8B8G8R8,1024x1024x1) with 5 generated mipmaps from Image. Internal format is PF_A8R8G8B8,1024x1024x1.
15:59:48: Texture: growth_weirdfungus-03_normalheight.dds: Loading 1 faces(PF_A8B8G8R8,1024x1024x1) with 5 generated mipmaps from Image. Internal format is PF_A8R8G8B8,1024x1024x1.
15:59:48: Invalid Operation before loading program OgreTerrain/1236559733/sm2/vp/hlod
